Using pre-set license
Built from '2021.3/staging' branch; Version is '2021.3.1f1 (3b70a0754835) revision 3895456'; Using compiler version '192829333'; Build Type 'Release'
OS: 'Windows 11  (10.0.22000) 64bit Core' Language: 'ja' Physical Memory: 15716 MB
BatchMode: 1, IsHumanControllingUs: 0, StartBugReporterOnCrash: 0, Is64bit: 1, IsPro: 1

COMMAND LINE ARGUMENTS:
C:\Program Files\Unity\Hub\Editor\2021.3.1f1\Editor\Unity.exe
-adb2
-batchMode
-noUpm
-name
AssetImportWorker4
-projectPath
C:/Users/ryohe/MyShooting
-logFile
Logs/AssetImportWorker4.log
-srvPort
51146
Successfully changed project path to: C:/Users/ryohe/MyShooting
C:/Users/ryohe/MyShooting
[UnityMemory] Configuration Parameters - Can be set up in boot.config
    "memorysetup-bucket-allocator-granularity=16"
    "memorysetup-bucket-allocator-bucket-count=8"
    "memorysetup-bucket-allocator-block-size=33554432"
    "memorysetup-bucket-allocator-block-count=8"
    "memorysetup-main-allocator-block-size=16777216"
    "memorysetup-thread-allocator-block-size=16777216"
    "memorysetup-gfx-main-allocator-block-size=16777216"
    "memorysetup-gfx-thread-allocator-block-size=16777216"
    "memorysetup-cache-allocator-block-size=4194304"
    "memorysetup-typetree-allocator-block-size=2097152"
    "memorysetup-profiler-bucket-allocator-granularity=16"
    "memorysetup-profiler-bucket-allocator-bucket-count=8"
    "memorysetup-profiler-bucket-allocator-block-size=33554432"
    "memorysetup-profiler-bucket-allocator-block-count=8"
    "memorysetup-profiler-allocator-block-size=16777216"
    "memorysetup-profiler-editor-allocator-block-size=1048576"
    "memorysetup-temp-allocator-size-main=16777216"
    "memorysetup-job-temp-allocator-block-size=2097152"
    "memorysetup-job-temp-allocator-block-size-background=1048576"
    "memorysetup-job-temp-allocator-reduction-small-platforms=262144"
    "memorysetup-temp-allocator-size-background-worker=32768"
    "memorysetup-temp-allocator-size-job-worker=262144"
    "memorysetup-temp-allocator-size-preload-manager=33554432"
    "memorysetup-temp-allocator-size-nav-mesh-worker=65536"
    "memorysetup-temp-allocator-size-audio-worker=65536"
    "memorysetup-temp-allocator-size-cloud-worker=32768"
    "memorysetup-temp-allocator-size-gi-baking-worker=262144"
    "memorysetup-temp-allocator-size-gfx=262144"
Refreshing native plugins compatible for Editor in 156.84 ms, found 3 plugins.
Preloading 0 native plugins for Editor in 0.00 ms.
Initialize engine version: 2021.3.1f1 (3b70a0754835)
[Subsystems] Discovering subsystems at path C:/Program Files/Unity/Hub/Editor/2021.3.1f1/Editor/Data/Resources/UnitySubsystems
[Subsystems] Discovering subsystems at path C:/Users/ryohe/MyShooting/Assets
GfxDevice: creating device client; threaded=0; jobified=0
Direct3D:
    Version:  Direct3D 11.0 [level 11.1]
    Renderer: NVIDIA GeForce RTX 3060 Laptop GPU (ID=0x2520)
    Vendor:   NVIDIA
    VRAM:     6023 MB
    Driver:   31.0.15.1748
Initialize mono
Mono path[0] = 'C:/Program Files/Unity/Hub/Editor/2021.3.1f1/Editor/Data/Managed'
Mono path[1] = 'C:/Program Files/Unity/Hub/Editor/2021.3.1f1/Editor/Data/MonoBleedingEdge/lib/mono/unityjit-win32'
Mono config path = 'C:/Program Files/Unity/Hub/Editor/2021.3.1f1/Editor/Data/MonoBleedingEdge/etc'
Using monoOptions --debugger-agent=transport=dt_socket,embedding=1,server=y,suspend=n,address=127.0.0.1:56780
Begin MonoManager ReloadAssembly
Registering precompiled unity dll's ...
Register platform support module: C:/Program Files/Unity/Hub/Editor/2021.3.1f1/Editor/Data/PlaybackEngines/WebGLSupport/UnityEditor.WebGL.Extensions.dll
Register platform support module: C:/Program Files/Unity/Hub/Editor/2021.3.1f1/Editor/Data/PlaybackEngines/AndroidPlayer/UnityEditor.Android.Extensions.dll
Register platform support module: C:/Program Files/Unity/Hub/Editor/2021.3.1f1/Editor/Data/PlaybackEngines/iOSSupport/UnityEditor.iOS.Extensions.dll
Register platform support module: C:/Program Files/Unity/Hub/Editor/2021.3.1f1/Editor/Data/PlaybackEngines/WindowsStandaloneSupport/UnityEditor.WindowsStandalone.Extensions.dll
Registered in 0.010466 seconds.
Native extension for WindowsStandalone target not found
[usbmuxd] Start listen thread
[usbmuxd] Listen thread started
Native extension for iOS target not found
Native extension for Android target not found
Native extension for WebGL target not found
Refreshing native plugins compatible for Editor in 156.25 ms, found 3 plugins.
Preloading 0 native plugins for Editor in 0.00 ms.
Mono: successfully reloaded assembly
- Completed reload, in  1.084 seconds
Domain Reload Profiling:
	ReloadAssembly (1084ms)
		BeginReloadAssembly (121ms)
			ExecutionOrderSort (0ms)
			DisableScriptedObjects (0ms)
			BackupInstance (0ms)
			ReleaseScriptingObjects (0ms)
			CreateAndSetChildDomain (1ms)
		EndReloadAssembly (791ms)
			LoadAssemblies (119ms)
			RebuildTransferFunctionScriptingTraits (0ms)
			SetupTypeCache (161ms)
			ReleaseScriptCaches (0ms)
			RebuildScriptCaches (45ms)
			SetupLoadedEditorAssemblies (499ms)
				LogAssemblyErrors (0ms)
				InitializePlatformSupportModulesInManaged (108ms)
				SetLoadedEditorAssemblies (0ms)
				RefreshPlugins (156ms)
				BeforeProcessingInitializeOnLoad (2ms)
				ProcessInitializeOnLoadAttributes (149ms)
				ProcessInitializeOnLoadMethodAttributes (83ms)
				AfterProcessingInitializeOnLoad (0ms)
				EditorAssembliesLoaded (0ms)
			ExecutionOrderSort2 (0ms)
			AwakeInstancesAfterBackupRestoration (0ms)
Platform modules already initialized, skipping
Registering precompiled user dll's ...
Registered in 0.011607 seconds.
Begin MonoManager ReloadAssembly
Symbol file LoadedFromMemory doesn't match image C:\Users\ryohe\MyShooting\Library\PackageCache\com.unity.visualscripting@1.7.6\Editor\VisualScripting.Core\Dependencies\YamlDotNet\Unity.VisualScripting.YamlDotNet.dll
Symbol file LoadedFromMemory is not a mono symbol file
Symbol file LoadedFromMemory doesn't match image C:\Users\ryohe\MyShooting\Library\PackageCache\com.unity.visualscripting@1.7.6\Editor\VisualScripting.Core\Dependencies\DotNetZip\Unity.VisualScripting.IonicZip.dll
Native extension for WindowsStandalone target not found
Native extension for iOS target not found
Native extension for Android target not found
Native extension for WebGL target not found
Refreshing native plugins compatible for Editor in 0.82 ms, found 3 plugins.
Preloading 0 native plugins for Editor in 0.00 ms.
Mono: successfully reloaded assembly
- Completed reload, in  1.682 seconds
Domain Reload Profiling:
	ReloadAssembly (1683ms)
		BeginReloadAssembly (279ms)
			ExecutionOrderSort (0ms)
			DisableScriptedObjects (9ms)
			BackupInstance (0ms)
			ReleaseScriptingObjects (0ms)
			CreateAndSetChildDomain (141ms)
		EndReloadAssembly (1248ms)
			LoadAssemblies (138ms)
			RebuildTransferFunctionScriptingTraits (0ms)
			SetupTypeCache (368ms)
			ReleaseScriptCaches (1ms)
			RebuildScriptCaches (79ms)
			SetupLoadedEditorAssemblies (617ms)
				LogAssemblyErrors (0ms)
				InitializePlatformSupportModulesInManaged (41ms)
				SetLoadedEditorAssemblies (1ms)
				RefreshPlugins (1ms)
				BeforeProcessingInitializeOnLoad (131ms)
				ProcessInitializeOnLoadAttributes (401ms)
				ProcessInitializeOnLoadMethodAttributes (33ms)
				AfterProcessingInitializeOnLoad (10ms)
				EditorAssembliesLoaded (0ms)
			ExecutionOrderSort2 (0ms)
			AwakeInstancesAfterBackupRestoration (9ms)
Platform modules already initialized, skipping
========================================================================
Worker process is ready to serve import requests
Launched and connected shader compiler UnityShaderCompiler.exe after 0.07 seconds
Refreshing native plugins compatible for Editor in 1.39 ms, found 3 plugins.
Preloading 0 native plugins for Editor in 0.00 ms.
Unloading 3452 Unused Serialized files (Serialized files now loaded: 0)
Unloading 37 unused Assets / (183.6 KB). Loaded Objects now: 3926.
Memory consumption went from 127.9 MB to 127.7 MB.
Total: 3.613000 ms (FindLiveObjects: 0.366100 ms CreateObjectMapping: 0.128800 ms MarkObjects: 2.977900 ms  DeleteObjects: 0.138800 ms)

AssetImportParameters requested are different than current active one (requested -> active):
  custom:video-decoder-ogg-theora: a1e56fd34408186e4bbccfd4996cb3dc -> 
  custom:container-muxer-webm: aa71ff27fc2769a1b78a27578f13a17b -> 
  custom:container-demuxer-webm: 4f35f7cbe854078d1ac9338744f61a02 -> 
  custom:video-encoder-webm-vp8: eb34c28f22e8b96e1ab97ce403110664 -> 
  custom:video-codec-MediaFoundation-h265: 746d11721c4dcdbdad8f713fa42b33f4 -> 
  custom:audio-encoder-webm-vorbis: bf7c407c2cedff20999df2af8eb42d56 -> 
  custom:framework-win-MediaFoundation: 216162199b28c13a410421893ffa2e32 -> 
  custom:container-demuxer-ogg: 62fdf1f143b41e24485cea50d1cbac27 -> 
  custom:video-decoder-webm-vp8: 9c59270c3fd7afecdb556c50c9e8de78 -> 
  custom:audio-decoder-ogg-vorbis: bf7c407c2cedff20999df2af8eb42d56 -> 
========================================================================
Received Prepare
Registering precompiled user dll's ...
Registered in 0.007006 seconds.
Begin MonoManager ReloadAssembly
Symbol file LoadedFromMemory doesn't match image C:\Users\ryohe\MyShooting\Library\PackageCache\com.unity.visualscripting@1.7.6\Editor\VisualScripting.Core\Dependencies\YamlDotNet\Unity.VisualScripting.YamlDotNet.dll
Symbol file LoadedFromMemory is not a mono symbol file
Symbol file LoadedFromMemory doesn't match image C:\Users\ryohe\MyShooting\Library\PackageCache\com.unity.visualscripting@1.7.6\Editor\VisualScripting.Core\Dependencies\DotNetZip\Unity.VisualScripting.IonicZip.dll
Native extension for WindowsStandalone target not found
Native extension for iOS target not found
Native extension for Android target not found
Native extension for WebGL target not found
Refreshing native plugins compatible for Editor in 1.62 ms, found 3 plugins.
Preloading 0 native plugins for Editor in 0.00 ms.
Mono: successfully reloaded assembly
- Completed reload, in  1.563 seconds
Domain Reload Profiling:
	ReloadAssembly (1564ms)
		BeginReloadAssembly (219ms)
			ExecutionOrderSort (0ms)
			DisableScriptedObjects (9ms)
			BackupInstance (0ms)
			ReleaseScriptingObjects (0ms)
			CreateAndSetChildDomain (60ms)
		EndReloadAssembly (1221ms)
			LoadAssemblies (130ms)
			RebuildTransferFunctionScriptingTraits (0ms)
			SetupTypeCache (419ms)
			ReleaseScriptCaches (2ms)
			RebuildScriptCaches (56ms)
			SetupLoadedEditorAssemblies (553ms)
				LogAssemblyErrors (0ms)
				InitializePlatformSupportModulesInManaged (55ms)
				SetLoadedEditorAssemblies (1ms)
				RefreshPlugins (2ms)
				BeforeProcessingInitializeOnLoad (92ms)
				ProcessInitializeOnLoadAttributes (346ms)
				ProcessInitializeOnLoadMethodAttributes (44ms)
				AfterProcessingInitializeOnLoad (13ms)
				EditorAssembliesLoaded (0ms)
			ExecutionOrderSort2 (0ms)
			AwakeInstancesAfterBackupRestoration (8ms)
Platform modules already initialized, skipping
Refreshing native plugins compatible for Editor in 3.32 ms, found 3 plugins.
Preloading 0 native plugins for Editor in 0.00 ms.
Unloading 3429 Unused Serialized files (Serialized files now loaded: 0)
Unloading 18 unused Assets / (151.0 KB). Loaded Objects now: 3941.
Memory consumption went from 126.0 MB to 125.8 MB.
Total: 4.866600 ms (FindLiveObjects: 0.413300 ms CreateObjectMapping: 0.298000 ms MarkObjects: 3.996800 ms  DeleteObjects: 0.157400 ms)

AssetImportParameters requested are different than current active one (requested -> active):
  custom:video-decoder-ogg-theora: a1e56fd34408186e4bbccfd4996cb3dc -> 
  custom:container-muxer-webm: aa71ff27fc2769a1b78a27578f13a17b -> 
  custom:container-demuxer-webm: 4f35f7cbe854078d1ac9338744f61a02 -> 
  custom:video-encoder-webm-vp8: eb34c28f22e8b96e1ab97ce403110664 -> 
  custom:video-codec-MediaFoundation-h265: 746d11721c4dcdbdad8f713fa42b33f4 -> 
  custom:audio-encoder-webm-vorbis: bf7c407c2cedff20999df2af8eb42d56 -> 
  custom:framework-win-MediaFoundation: 216162199b28c13a410421893ffa2e32 -> 
  custom:container-demuxer-ogg: 62fdf1f143b41e24485cea50d1cbac27 -> 
  custom:video-decoder-webm-vp8: 9c59270c3fd7afecdb556c50c9e8de78 -> 
  custom:audio-decoder-ogg-vorbis: bf7c407c2cedff20999df2af8eb42d56 -> 
========================================================================
Received Prepare
Registering precompiled user dll's ...
Registered in 0.009699 seconds.
Begin MonoManager ReloadAssembly
Symbol file LoadedFromMemory doesn't match image C:\Users\ryohe\MyShooting\Library\PackageCache\com.unity.visualscripting@1.7.6\Editor\VisualScripting.Core\Dependencies\YamlDotNet\Unity.VisualScripting.YamlDotNet.dll
Symbol file LoadedFromMemory is not a mono symbol file
Symbol file LoadedFromMemory doesn't match image C:\Users\ryohe\MyShooting\Library\PackageCache\com.unity.visualscripting@1.7.6\Editor\VisualScripting.Core\Dependencies\DotNetZip\Unity.VisualScripting.IonicZip.dll
Native extension for WindowsStandalone target not found
Native extension for iOS target not found
Native extension for Android target not found
Native extension for WebGL target not found
Refreshing native plugins compatible for Editor in 0.95 ms, found 3 plugins.
Preloading 0 native plugins for Editor in 0.00 ms.
Mono: successfully reloaded assembly
- Completed reload, in  1.515 seconds
Domain Reload Profiling:
	ReloadAssembly (1515ms)
		BeginReloadAssembly (197ms)
			ExecutionOrderSort (0ms)
			DisableScriptedObjects (6ms)
			BackupInstance (0ms)
			ReleaseScriptingObjects (0ms)
			CreateAndSetChildDomain (52ms)
		EndReloadAssembly (1168ms)
			LoadAssemblies (135ms)
			RebuildTransferFunctionScriptingTraits (0ms)
			SetupTypeCache (382ms)
			ReleaseScriptCaches (2ms)
			RebuildScriptCaches (65ms)
			SetupLoadedEditorAssemblies (533ms)
				LogAssemblyErrors (0ms)
				InitializePlatformSupportModulesInManaged (58ms)
				SetLoadedEditorAssemblies (1ms)
				RefreshPlugins (1ms)
				BeforeProcessingInitializeOnLoad (99ms)
				ProcessInitializeOnLoadAttributes (323ms)
				ProcessInitializeOnLoadMethodAttributes (39ms)
				AfterProcessingInitializeOnLoad (11ms)
				EditorAssembliesLoaded (0ms)
			ExecutionOrderSort2 (0ms)
			AwakeInstancesAfterBackupRestoration (7ms)
Platform modules already initialized, skipping
Refreshing native plugins compatible for Editor in 3.64 ms, found 3 plugins.
Preloading 0 native plugins for Editor in 0.00 ms.
Unloading 3429 Unused Serialized files (Serialized files now loaded: 0)
Unloading 18 unused Assets / (151.0 KB). Loaded Objects now: 3956.
Memory consumption went from 126.0 MB to 125.8 MB.
Total: 4.061900 ms (FindLiveObjects: 0.311100 ms CreateObjectMapping: 0.156400 ms MarkObjects: 3.436600 ms  DeleteObjects: 0.156500 ms)

AssetImportParameters requested are different than current active one (requested -> active):
  custom:video-decoder-ogg-theora: a1e56fd34408186e4bbccfd4996cb3dc -> 
  custom:container-muxer-webm: aa71ff27fc2769a1b78a27578f13a17b -> 
  custom:container-demuxer-webm: 4f35f7cbe854078d1ac9338744f61a02 -> 
  custom:video-encoder-webm-vp8: eb34c28f22e8b96e1ab97ce403110664 -> 
  custom:video-codec-MediaFoundation-h265: 746d11721c4dcdbdad8f713fa42b33f4 -> 
  custom:audio-encoder-webm-vorbis: bf7c407c2cedff20999df2af8eb42d56 -> 
  custom:framework-win-MediaFoundation: 216162199b28c13a410421893ffa2e32 -> 
  custom:container-demuxer-ogg: 62fdf1f143b41e24485cea50d1cbac27 -> 
  custom:video-decoder-webm-vp8: 9c59270c3fd7afecdb556c50c9e8de78 -> 
  custom:audio-decoder-ogg-vorbis: bf7c407c2cedff20999df2af8eb42d56 -> 
========================================================================
Received Prepare
Registering precompiled user dll's ...
Registered in 0.009566 seconds.
Begin MonoManager ReloadAssembly
Symbol file LoadedFromMemory doesn't match image C:\Users\ryohe\MyShooting\Library\PackageCache\com.unity.visualscripting@1.7.6\Editor\VisualScripting.Core\Dependencies\YamlDotNet\Unity.VisualScripting.YamlDotNet.dll
Symbol file LoadedFromMemory is not a mono symbol file
Symbol file LoadedFromMemory doesn't match image C:\Users\ryohe\MyShooting\Library\PackageCache\com.unity.visualscripting@1.7.6\Editor\VisualScripting.Core\Dependencies\DotNetZip\Unity.VisualScripting.IonicZip.dll
Native extension for WindowsStandalone target not found
Native extension for iOS target not found
Native extension for Android target not found
Native extension for WebGL target not found
Refreshing native plugins compatible for Editor in 0.81 ms, found 3 plugins.
Preloading 0 native plugins for Editor in 0.00 ms.
Mono: successfully reloaded assembly
- Completed reload, in  1.565 seconds
Domain Reload Profiling:
	ReloadAssembly (1567ms)
		BeginReloadAssembly (206ms)
			ExecutionOrderSort (0ms)
			DisableScriptedObjects (10ms)
			BackupInstance (0ms)
			ReleaseScriptingObjects (0ms)
			CreateAndSetChildDomain (58ms)
		EndReloadAssembly (1205ms)
			LoadAssemblies (131ms)
			RebuildTransferFunctionScriptingTraits (0ms)
			SetupTypeCache (344ms)
			ReleaseScriptCaches (2ms)
			RebuildScriptCaches (70ms)
			SetupLoadedEditorAssemblies (575ms)
				LogAssemblyErrors (0ms)
				InitializePlatformSupportModulesInManaged (52ms)
				SetLoadedEditorAssemblies (1ms)
				RefreshPlugins (1ms)
				BeforeProcessingInitializeOnLoad (102ms)
				ProcessInitializeOnLoadAttributes (345ms)
				ProcessInitializeOnLoadMethodAttributes (55ms)
				AfterProcessingInitializeOnLoad (18ms)
				EditorAssembliesLoaded (0ms)
			ExecutionOrderSort2 (0ms)
			AwakeInstancesAfterBackupRestoration (10ms)
Platform modules already initialized, skipping
Refreshing native plugins compatible for Editor in 3.15 ms, found 3 plugins.
Preloading 0 native plugins for Editor in 0.00 ms.
Unloading 3429 Unused Serialized files (Serialized files now loaded: 0)
Unloading 18 unused Assets / (151.0 KB). Loaded Objects now: 3971.
Memory consumption went from 126.0 MB to 125.8 MB.
Total: 4.008100 ms (FindLiveObjects: 0.347500 ms CreateObjectMapping: 0.136500 ms MarkObjects: 3.366200 ms  DeleteObjects: 0.156200 ms)

AssetImportParameters requested are different than current active one (requested -> active):
  custom:video-decoder-ogg-theora: a1e56fd34408186e4bbccfd4996cb3dc -> 
  custom:container-muxer-webm: aa71ff27fc2769a1b78a27578f13a17b -> 
  custom:container-demuxer-webm: 4f35f7cbe854078d1ac9338744f61a02 -> 
  custom:video-encoder-webm-vp8: eb34c28f22e8b96e1ab97ce403110664 -> 
  custom:video-codec-MediaFoundation-h265: 746d11721c4dcdbdad8f713fa42b33f4 -> 
  custom:audio-encoder-webm-vorbis: bf7c407c2cedff20999df2af8eb42d56 -> 
  custom:framework-win-MediaFoundation: 216162199b28c13a410421893ffa2e32 -> 
  custom:container-demuxer-ogg: 62fdf1f143b41e24485cea50d1cbac27 -> 
  custom:video-decoder-webm-vp8: 9c59270c3fd7afecdb556c50c9e8de78 -> 
  custom:audio-decoder-ogg-vorbis: bf7c407c2cedff20999df2af8eb42d56 -> 
========================================================================
Received Import Request.
  Time since last request: 436342.185835 seconds.
  path: Assets/TerrianData/TerrainData_2c861918-62ce-4696-bfef-7277ffa0792c.asset
  artifactKey: Guid(8ab6643e723330249badffdd49a5a72f) Importer(815301076,1909f56bfc062723c751e8b465ee728b)
Start importing Assets/TerrianData/TerrainData_2c861918-62ce-4696-bfef-7277ffa0792c.asset using Guid(8ab6643e723330249badffdd49a5a72f) Importer(815301076,1909f56bfc062723c751e8b465ee728b)  -> (artifact id: '0a6d92504cee7df88a7ccff32fcf0e18') in 0.102762 seconds 
========================================================================
Received Import Request.
  Time since last request: 0.000026 seconds.
  path: Assets/TerrianData/TerrainData_927af24e-6bd1-4033-bd54-3e651616a4ea.asset
  artifactKey: Guid(978f9e33c7652da45b30edce687ac172) Importer(815301076,1909f56bfc062723c751e8b465ee728b)
Start importing Assets/TerrianData/TerrainData_927af24e-6bd1-4033-bd54-3e651616a4ea.asset using Guid(978f9e33c7652da45b30edce687ac172) Importer(815301076,1909f56bfc062723c751e8b465ee728b)  -> (artifact id: 'cc723f3098f1fbde0791fe8403603ff7') in 0.028544 seconds 
========================================================================
Received Import Request.
  Time since last request: 0.000046 seconds.
  path: Assets/TerrianData/TerrainData_b4d3b308-8238-4be6-83f4-3a3bf1ae7f8c.asset
  artifactKey: Guid(9a40509babd2efc43bb5f4cd27f24dc3) Importer(815301076,1909f56bfc062723c751e8b465ee728b)
Start importing Assets/TerrianData/TerrainData_b4d3b308-8238-4be6-83f4-3a3bf1ae7f8c.asset using Guid(9a40509babd2efc43bb5f4cd27f24dc3) Importer(815301076,1909f56bfc062723c751e8b465ee728b)  -> (artifact id: 'fb5ef6d01c610474fcfea8cd34e9465c') in 0.023908 seconds 
========================================================================
Received Import Request.
  Time since last request: 0.000026 seconds.
  path: Assets/TerrianData/TerrainData_ea0244f8-ff41-46f5-9bcd-22ea0cd7d96c.asset
  artifactKey: Guid(a645d3d42796e8f4197710fe434fa73f) Importer(815301076,1909f56bfc062723c751e8b465ee728b)
Start importing Assets/TerrianData/TerrainData_ea0244f8-ff41-46f5-9bcd-22ea0cd7d96c.asset using Guid(a645d3d42796e8f4197710fe434fa73f) Importer(815301076,1909f56bfc062723c751e8b465ee728b)  -> (artifact id: '748666635bd6f7ca0c2d738e32fad561') in 0.018497 seconds 
========================================================================
Received Import Request.
  Time since last request: 0.000039 seconds.
  path: Assets/TerrianData/TerrainData_4a1fa8b3-eeb5-4c62-a9dc-0ff2795564d4.asset
  artifactKey: Guid(88ff542eddc13af4383efdf32733c5d3) Importer(815301076,1909f56bfc062723c751e8b465ee728b)
Start importing Assets/TerrianData/TerrainData_4a1fa8b3-eeb5-4c62-a9dc-0ff2795564d4.asset using Guid(88ff542eddc13af4383efdf32733c5d3) Importer(815301076,1909f56bfc062723c751e8b465ee728b)  -> (artifact id: '08a17b73aab32dda6aa4e5ecdf7a8f11') in 0.019421 seconds 
========================================================================
Received Import Request.
  Time since last request: 0.000025 seconds.
  path: Assets/TerrianData/TerrainData_3079bd6e-5750-4735-87a5-419a1011f959.asset
  artifactKey: Guid(138b378f7acc0004a973756af90b2282) Importer(815301076,1909f56bfc062723c751e8b465ee728b)
Start importing Assets/TerrianData/TerrainData_3079bd6e-5750-4735-87a5-419a1011f959.asset using Guid(138b378f7acc0004a973756af90b2282) Importer(815301076,1909f56bfc062723c751e8b465ee728b)  -> (artifact id: 'f8b4accc3492a4bbd8d7c9d9a09e41a3') in 0.015741 seconds 
========================================================================
Received Import Request.
  Time since last request: 0.000021 seconds.
  path: Assets/TerrianData/TerrainData_ca3129c6-e301-48d7-b3ca-2ebe82758385.asset
  artifactKey: Guid(caa58e7078fc15b4fa9db61d6fbacec6) Importer(815301076,1909f56bfc062723c751e8b465ee728b)
Start importing Assets/TerrianData/TerrainData_ca3129c6-e301-48d7-b3ca-2ebe82758385.asset using Guid(caa58e7078fc15b4fa9db61d6fbacec6) Importer(815301076,1909f56bfc062723c751e8b465ee728b)  -> (artifact id: 'abb9c9f9373b3edc5c73ee187c0fdf29') in 0.017027 seconds 
========================================================================
Received Import Request.
  Time since last request: 0.000023 seconds.
  path: Assets/TerrianData/TerrainData_6c59acb7-48ff-4000-a8bb-fbe5315e9ceb.asset
  artifactKey: Guid(e440c0d03552d96419ccc7f70e29c633) Importer(815301076,1909f56bfc062723c751e8b465ee728b)
Start importing Assets/TerrianData/TerrainData_6c59acb7-48ff-4000-a8bb-fbe5315e9ceb.asset using Guid(e440c0d03552d96419ccc7f70e29c633) Importer(815301076,1909f56bfc062723c751e8b465ee728b)  -> (artifact id: '3dca69192c3bb1e689ad92fe1abe12f5') in 0.016699 seconds 
========================================================================
Received Import Request.
  Time since last request: 0.000030 seconds.
  path: Assets/TerrianData/TerrainData_63755c82-689f-478a-b942-1bafa5f9711d.asset
  artifactKey: Guid(12a4939f009bfc04c9f2c57729e26407) Importer(815301076,1909f56bfc062723c751e8b465ee728b)
Start importing Assets/TerrianData/TerrainData_63755c82-689f-478a-b942-1bafa5f9711d.asset using Guid(12a4939f009bfc04c9f2c57729e26407) Importer(815301076,1909f56bfc062723c751e8b465ee728b)  -> (artifact id: 'f52adad63bf5f54e36450d3f57ed3a45') in 0.015849 seconds 
========================================================================
Received Import Request.
  Time since last request: 0.000038 seconds.
  path: Assets/TerrianData/TerrainData_c59c4041-d71a-4ca5-9c15-7877b7ef464b.asset
  artifactKey: Guid(d9c8abd671d371647ba68eeac57e0dcb) Importer(815301076,1909f56bfc062723c751e8b465ee728b)
Start importing Assets/TerrianData/TerrainData_c59c4041-d71a-4ca5-9c15-7877b7ef464b.asset using Guid(d9c8abd671d371647ba68eeac57e0dcb) Importer(815301076,1909f56bfc062723c751e8b465ee728b)  -> (artifact id: '0034a24914b7aa694f3aa49ae2b47b8a') in 0.021059 seconds 
========================================================================
Received Import Request.
  Time since last request: 0.000022 seconds.
  path: Assets/TerrianData/TerrainData_de85bf22-6e45-4f28-ac85-e57c62e8e884.asset
  artifactKey: Guid(0ece439c49af4bd4ab19b90a4714b046) Importer(815301076,1909f56bfc062723c751e8b465ee728b)
Start importing Assets/TerrianData/TerrainData_de85bf22-6e45-4f28-ac85-e57c62e8e884.asset using Guid(0ece439c49af4bd4ab19b90a4714b046) Importer(815301076,1909f56bfc062723c751e8b465ee728b)  -> (artifact id: 'a28453a29233242049df5b27865d7a5e') in 0.016522 seconds 
========================================================================
Received Import Request.
  Time since last request: 0.000046 seconds.
  path: Assets/TerrianData/TerrainData_7066f5e0-a296-4136-adad-c73334afe850.asset
  artifactKey: Guid(d8dc3ee03f2105c40922c7afc65ad395) Importer(815301076,1909f56bfc062723c751e8b465ee728b)
Start importing Assets/TerrianData/TerrainData_7066f5e0-a296-4136-adad-c73334afe850.asset using Guid(d8dc3ee03f2105c40922c7afc65ad395) Importer(815301076,1909f56bfc062723c751e8b465ee728b)  -> (artifact id: '7b9b13e3b98742e9b2c948a074f20ebb') in 0.017808 seconds 
========================================================================
Received Import Request.
  Time since last request: 0.000029 seconds.
  path: Assets/TerrianData/TerrainData_f57a5162-55f6-4918-9f91-69a30a578fbd.asset
  artifactKey: Guid(a7f89cbb45356164c93098f5ac380c39) Importer(815301076,1909f56bfc062723c751e8b465ee728b)
Start importing Assets/TerrianData/TerrainData_f57a5162-55f6-4918-9f91-69a30a578fbd.asset using Guid(a7f89cbb45356164c93098f5ac380c39) Importer(815301076,1909f56bfc062723c751e8b465ee728b)  -> (artifact id: '7b4698c1e2a1b05558fdb8a06154e502') in 0.015602 seconds 
========================================================================
Received Import Request.
  Time since last request: 0.000025 seconds.
  path: Assets/TerrianData/TerrainData_17d667cd-b8e3-4adf-a397-e67ed56ae10c.asset
  artifactKey: Guid(af2adbd491ca7f641b6a319b0b3c4966) Importer(815301076,1909f56bfc062723c751e8b465ee728b)
Start importing Assets/TerrianData/TerrainData_17d667cd-b8e3-4adf-a397-e67ed56ae10c.asset using Guid(af2adbd491ca7f641b6a319b0b3c4966) Importer(815301076,1909f56bfc062723c751e8b465ee728b)  -> (artifact id: 'a534ba547740446d4e92c01f601c60b0') in 0.015064 seconds 
========================================================================
Received Import Request.
  Time since last request: 0.000037 seconds.
  path: Assets/TerrianData/TerrainData_0672f253-d41c-4d04-a203-728404707dd2.asset
  artifactKey: Guid(c8562778e5330c84db5463d4bf08eb5b) Importer(815301076,1909f56bfc062723c751e8b465ee728b)
Start importing Assets/TerrianData/TerrainData_0672f253-d41c-4d04-a203-728404707dd2.asset using Guid(c8562778e5330c84db5463d4bf08eb5b) Importer(815301076,1909f56bfc062723c751e8b465ee728b)  -> (artifact id: 'afe65288b958baceb5fd658e489ecf39') in 0.018306 seconds 
========================================================================
Received Import Request.
  Time since last request: 0.000025 seconds.
  path: Assets/TerrianData/TerrainData_8b33fc20-87c7-4a3f-a2be-489f5fc83789.asset
  artifactKey: Guid(ee2c68ed4af1c044b902ef34eaccb51f) Importer(815301076,1909f56bfc062723c751e8b465ee728b)
Start importing Assets/TerrianData/TerrainData_8b33fc20-87c7-4a3f-a2be-489f5fc83789.asset using Guid(ee2c68ed4af1c044b902ef34eaccb51f) Importer(815301076,1909f56bfc062723c751e8b465ee728b)  -> (artifact id: '82c4e8a20f477f641a1b402d7251603a') in 0.016527 seconds 
========================================================================
Received Import Request.
  Time since last request: 0.000023 seconds.
  path: Assets/TerrianData/TerrainData_721faae8-9ee4-4dd9-9fb0-7d4905f0f132.asset
  artifactKey: Guid(7d474c0aec40efe4cab6136b04bc589a) Importer(815301076,1909f56bfc062723c751e8b465ee728b)
Start importing Assets/TerrianData/TerrainData_721faae8-9ee4-4dd9-9fb0-7d4905f0f132.asset using Guid(7d474c0aec40efe4cab6136b04bc589a) Importer(815301076,1909f56bfc062723c751e8b465ee728b)  -> (artifact id: '34468305f95ac6cec54b1e800d68a211') in 0.017849 seconds 
========================================================================
Received Import Request.
  Time since last request: 0.000021 seconds.
  path: Assets/TerrianData/TerrainData_55791596-6093-46e3-a906-8323a737603f.asset
  artifactKey: Guid(eed34f565b1be1c4aa2c51031a16cea2) Importer(815301076,1909f56bfc062723c751e8b465ee728b)
Start importing Assets/TerrianData/TerrainData_55791596-6093-46e3-a906-8323a737603f.asset using Guid(eed34f565b1be1c4aa2c51031a16cea2) Importer(815301076,1909f56bfc062723c751e8b465ee728b)  -> (artifact id: '14c716021f163b1994ca6fa5ae93194b') in 0.016422 seconds 
========================================================================
Received Import Request.
  Time since last request: 0.000028 seconds.
  path: Assets/TerrianData/TerrainData_49bf6b97-d78d-4267-bdca-a6abfda5894e.asset
  artifactKey: Guid(885d3694ada57dc448d9fe7886ff4948) Importer(815301076,1909f56bfc062723c751e8b465ee728b)
Start importing Assets/TerrianData/TerrainData_49bf6b97-d78d-4267-bdca-a6abfda5894e.asset using Guid(885d3694ada57dc448d9fe7886ff4948) Importer(815301076,1909f56bfc062723c751e8b465ee728b)  -> (artifact id: '4a967c0381175c97d967b0458dedc626') in 0.019963 seconds 
========================================================================
Received Import Request.
  Time since last request: 0.000031 seconds.
  path: Assets/TerrianData/TerrainData_8a5cb65f-04a7-4509-ad5b-2cf91f41d1c3.asset
  artifactKey: Guid(e7928868703b5e24d94d154b08a60566) Importer(815301076,1909f56bfc062723c751e8b465ee728b)
Start importing Assets/TerrianData/TerrainData_8a5cb65f-04a7-4509-ad5b-2cf91f41d1c3.asset using Guid(e7928868703b5e24d94d154b08a60566) Importer(815301076,1909f56bfc062723c751e8b465ee728b)  -> (artifact id: 'd4353dc588ebd4be76a59649e4104b49') in 0.018042 seconds 
========================================================================
Received Import Request.
  Time since last request: 0.640076 seconds.
  path: Assets/materials/red.mat
  artifactKey: Guid(5d14c70ff3ee74d2b9ddaf979146255e) Importer(815301076,1909f56bfc062723c751e8b465ee728b)
Start importing Assets/materials/red.mat using Guid(5d14c70ff3ee74d2b9ddaf979146255e) Importer(815301076,1909f56bfc062723c751e8b465ee728b)  -> (artifact id: '2621a139e4a32b9037f769dcb9a314fe') in 0.165950 seconds 
Editor requested this worker to shutdown with reason: Scaling down because of idle timeout
AssetImportWorker is now disconnected from the server
Process exiting
Exiting without the bug reporter. Application will terminate with return code 0